#! /c/Source/iverilog-install/bin/vvp
:ivl_version "12.0 (devel)" "(s20150603-1110-g18392a46)";
:ivl_delay_selection "TYPICAL";
:vpi_time_precision + 0;
:vpi_module "C:\iverilog\lib\ivl\system.vpi";
:vpi_module "C:\iverilog\lib\ivl\vhdl_sys.vpi";
:vpi_module "C:\iverilog\lib\ivl\vhdl_textio.vpi";
:vpi_module "C:\iverilog\lib\ivl\v2005_math.vpi";
:vpi_module "C:\iverilog\lib\ivl\va_math.vpi";
S_000001d6f6d9af40 .scope module, "halfAdderDFTB" "halfAdderDFTB" 2 1;
 .timescale 0 0;
v000001d6f6bc2a90_0 .var "A", 0 0;
v000001d6f6bc2b30_0 .var "B", 0 0;
v000001d6f6c41850_0 .net "C", 0 0, L_000001d6f6c42480;  1 drivers
v000001d6f6c42160_0 .net "S", 0 0, L_000001d6f6c42020;  1 drivers
S_000001d6f6d9b0d0 .scope module, "uut" "halfAdderDF" 2 10, 3 2 0, S_000001d6f6d9af40;
 .timescale 0 0;
    .port_info 0 /INPUT 1 "a";
    .port_info 1 /INPUT 1 "b";
    .port_info 2 /OUTPUT 1 "s";
    .port_info 3 /OUTPUT 1 "c";
L_000001d6f6c42950 .functor BUFT 1, C4<0>, C4<0>, C4<0>, C4<0>;
v000001d6f6bf5300_0 .net *"_ivl_10", 0 0, L_000001d6f6c42950;  1 drivers
v000001d6f6d9bdb0_0 .net *"_ivl_11", 1 0, L_000001d6f6c423e0;  1 drivers
v000001d6f6d9be50_0 .net *"_ivl_3", 1 0, L_000001d6f6c41940;  1 drivers
L_000001d6f6c42908 .functor BUFT 1, C4<0>, C4<0>, C4<0>, C4<0>;
v000001d6f6d9bef0_0 .net *"_ivl_6", 0 0, L_000001d6f6c42908;  1 drivers
v000001d6f6bc2770_0 .net *"_ivl_7", 1 0, L_000001d6f6c41ee0;  1 drivers
v000001d6f6bc2810_0 .net "a", 0 0, v000001d6f6bc2a90_0;  1 drivers
v000001d6f6bc28b0_0 .net "b", 0 0, v000001d6f6bc2b30_0;  1 drivers
v000001d6f6bc2950_0 .net "c", 0 0, L_000001d6f6c42480;  alias, 1 drivers
v000001d6f6bc29f0_0 .net "s", 0 0, L_000001d6f6c42020;  alias, 1 drivers
L_000001d6f6c42480 .part L_000001d6f6c423e0, 1, 1;
L_000001d6f6c42020 .part L_000001d6f6c423e0, 0, 1;
L_000001d6f6c41940 .concat [ 1 1 0 0], v000001d6f6bc2a90_0, L_000001d6f6c42908;
L_000001d6f6c41ee0 .concat [ 1 1 0 0], v000001d6f6bc2b30_0, L_000001d6f6c42950;
L_000001d6f6c423e0 .arith/sum 2, L_000001d6f6c41940, L_000001d6f6c41ee0;
    .scope S_000001d6f6d9af40;
T_0 ;
    %pushi/vec4 0, 0, 1;
    %store/vec4 v000001d6f6bc2a90_0, 0, 1;
    %pushi/vec4 0, 0, 1;
    %store/vec4 v000001d6f6bc2b30_0, 0, 1;
    %delay 10, 0;
    %pushi/vec4 1, 0, 1;
    %store/vec4 v000001d6f6bc2a90_0, 0, 1;
    %pushi/vec4 0, 0, 1;
    %store/vec4 v000001d6f6bc2b30_0, 0, 1;
    %delay 10, 0;
    %pushi/vec4 0, 0, 1;
    %store/vec4 v000001d6f6bc2a90_0, 0, 1;
    %pushi/vec4 1, 0, 1;
    %store/vec4 v000001d6f6bc2b30_0, 0, 1;
    %delay 10, 0;
    %pushi/vec4 1, 0, 1;
    %store/vec4 v000001d6f6bc2a90_0, 0, 1;
    %pushi/vec4 1, 0, 1;
    %store/vec4 v000001d6f6bc2b30_0, 0, 1;
    %end;
    .thread T_0;
    .scope S_000001d6f6d9af40;
T_1 ;
    %vpi_call 2 19 "$monitor", "T=%0t,A=%b,B=%b,S=%b,C=%b", $time, v000001d6f6bc2a90_0, v000001d6f6bc2b30_0, v000001d6f6c42160_0, v000001d6f6c41850_0 {0 0 0};
    %end;
    .thread T_1;
# The file index is used to find the file name in the following table.
:file_names 4;
    "N/A";
    "<interactive>";
    "halfAdderDFTB.v";
    "halfAdderDF.v";
