#! /c/Source/iverilog-install/bin/vvp
:ivl_version "12.0 (devel)" "(s20150603-1110-g18392a46)";
:ivl_delay_selection "TYPICAL";
:vpi_time_precision + 0;
:vpi_module "C:\iverilog\lib\ivl\system.vpi";
:vpi_module "C:\iverilog\lib\ivl\vhdl_sys.vpi";
:vpi_module "C:\iverilog\lib\ivl\vhdl_textio.vpi";
:vpi_module "C:\iverilog\lib\ivl\v2005_math.vpi";
:vpi_module "C:\iverilog\lib\ivl\va_math.vpi";
S_0000013eafa89620 .scope module, "halfAdderGLTB" "halfAdderGLTB" 2 1;
 .timescale 0 0;
v0000013eaf945880_0 .var "A", 0 0;
v0000013eaf945920_0 .var "B", 0 0;
v0000013eaf912770_0 .net "C", 0 0, L_0000013eaf9131a0;  1 drivers
v0000013eaf912810_0 .net "S", 0 0, L_0000013eaf913040;  1 drivers
S_0000013eaf945510 .scope module, "uut" "halfAdderGL" 2 10, 3 1 0, S_0000013eafa89620;
 .timescale 0 0;
    .port_info 0 /INPUT 1 "a";
    .port_info 1 /INPUT 1 "b";
    .port_info 2 /OUTPUT 1 "s";
    .port_info 3 /OUTPUT 1 "c";
L_0000013eaf913040 .functor XOR 1, v0000013eaf945880_0, v0000013eaf945920_0, C4<0>, C4<0>;
L_0000013eaf9131a0 .functor AND 1, v0000013eaf945880_0, v0000013eaf945920_0, C4<1>, C4<1>;
v0000013eaf9456a0_0 .net "a", 0 0, v0000013eaf945880_0;  1 drivers
v0000013eafa8bf30_0 .net "b", 0 0, v0000013eaf945920_0;  1 drivers
v0000013eaf945740_0 .net "c", 0 0, L_0000013eaf9131a0;  alias, 1 drivers
v0000013eaf9457e0_0 .net "s", 0 0, L_0000013eaf913040;  alias, 1 drivers
    .scope S_0000013eafa89620;
T_0 ;
    %pushi/vec4 0, 0, 1;
    %store/vec4 v0000013eaf945880_0, 0, 1;
    %pushi/vec4 0, 0, 1;
    %store/vec4 v0000013eaf945920_0, 0, 1;
    %delay 10, 0;
    %pushi/vec4 1, 0, 1;
    %store/vec4 v0000013eaf945880_0, 0, 1;
    %pushi/vec4 0, 0, 1;
    %store/vec4 v0000013eaf945920_0, 0, 1;
    %delay 10, 0;
    %pushi/vec4 0, 0, 1;
    %store/vec4 v0000013eaf945880_0, 0, 1;
    %pushi/vec4 1, 0, 1;
    %store/vec4 v0000013eaf945920_0, 0, 1;
    %delay 10, 0;
    %pushi/vec4 1, 0, 1;
    %store/vec4 v0000013eaf945880_0, 0, 1;
    %pushi/vec4 1, 0, 1;
    %store/vec4 v0000013eaf945920_0, 0, 1;
    %end;
    .thread T_0;
    .scope S_0000013eafa89620;
T_1 ;
    %vpi_call 2 19 "$monitor", "T=%0t,A=%b,B=%b,S=%b,C=%b", $time, v0000013eaf945880_0, v0000013eaf945920_0, v0000013eaf912810_0, v0000013eaf912770_0 {0 0 0};
    %end;
    .thread T_1;
# The file index is used to find the file name in the following table.
:file_names 4;
    "N/A";
    "<interactive>";
    "halfAdderTB.v";
    "halfAdder.v";
